<?xml version="1.0" encoding="UTF-8"?>
<testng-results ignored="21" total="31" passed="9" failed="1" skipped="0">
  <reporter-output>
  </reporter-output>
  <suite started-at="2023-05-07T01:16:34 IST" name="Suite" finished-at="2023-05-07T01:18:28 IST" duration-ms="114071">
    <groups>
      <group name="Sanity">
        <method signature="AddToCartPageTest.addToCartTest()[pri:0, instance:com.myStore.testCases.AddToCartPageTest@78691363]" name="addToCartTest" class="com.myStore.testCases.AddToCartPageTest"/>
        <method signature="LoginpageTest.loginTest(java.lang.String,java.lang.String)[pri:0, instance:com.myStore.testCases.LoginpageTest@33d512c1]" name="loginTest" class="com.myStore.testCases.LoginpageTest"/>
      </group> <!-- Sanity -->
      <group name="smoke">
        <method signature="IndexPageTest.verifyLogo()[pri:0, instance:com.myStore.testCases.IndexPageTest@397fbdb]" name="verifyLogo" class="com.myStore.testCases.IndexPageTest"/>
      </group> <!-- smoke -->
      <group name="Regression">
        <method signature="AddToCartPageTest.addToCartTest()[pri:0, instance:com.myStore.testCases.AddToCartPageTest@78691363]" name="addToCartTest" class="com.myStore.testCases.AddToCartPageTest"/>
        <method signature="EndToEndTest.endToEndTest()[pri:0, instance:com.myStore.testCases.EndToEndTest@3e694b3f]" name="endToEndTest" class="com.myStore.testCases.EndToEndTest"/>
        <method signature="OrderPageTest.verifyTotalPriceTest()[pri:0, instance:com.myStore.testCases.OrderPageTest@65fb9ffc]" name="verifyTotalPriceTest" class="com.myStore.testCases.OrderPageTest"/>
      </group> <!-- Regression -->
      <group name="Smoke">
        <method signature="HomePageTest.validateOrderHistoryTest()[pri:0, instance:com.myStore.testCases.HomePageTest@1bb5a082]" name="validateOrderHistoryTest" class="com.myStore.testCases.HomePageTest"/>
        <method signature="IndexPageTest.verifyTitle()[pri:0, instance:com.myStore.testCases.IndexPageTest@397fbdb]" name="verifyTitle" class="com.myStore.testCases.IndexPageTest"/>
        <method signature="LoginpageTest.loginTest(java.lang.String,java.lang.String)[pri:0, instance:com.myStore.testCases.LoginpageTest@33d512c1]" name="loginTest" class="com.myStore.testCases.LoginpageTest"/>
        <method signature="SearchResultPageTest.productAvailabilityTest()[pri:0, instance:com.myStore.testCases.SearchResultPageTest@4218d6a3]" name="productAvailabilityTest" class="com.myStore.testCases.SearchResultPageTest"/>
      </group> <!-- Smoke -->
    </groups>
    <test started-at="2023-05-07T01:16:34 IST" name="Test_All" finished-at="2023-05-07T01:18:28 IST" duration-ms="114071">
      <class name="com.myStore.testCases.IndexPageTest">
        <test-method is-config="true" signature="setup(java.lang.String)[pri:0, instance:com.myStore.testCases.IndexPageTest@397fbdb]" started-at="2023-05-07T01:17:57 IST" name="setup" finished-at="2023-05-07T01:18:01 IST" duration-ms="4884" status="PASS">
          <params>
            <param index="0">
              <value>
                <![CDATA[Chrome]]>
              </value>
            </param>
          </params>
          <reporter-output>
          </reporter-output>
        </test-method> <!-- setup -->
        <test-method signature="verifyLogo()[pri:0, instance:com.myStore.testCases.IndexPageTest@397fbdb]" started-at="2023-05-07T01:18:01 IST" name="verifyLogo" finished-at="2023-05-07T01:18:02 IST" duration-ms="95" status="PASS">
          <reporter-output>
          </reporter-output>
        </test-method> <!-- verifyLogo -->
        <test-method is-config="true" signature="tearDown()[pri:0, instance:com.myStore.testCases.IndexPageTest@397fbdb]" started-at="2023-05-07T01:18:02 IST" name="tearDown" finished-at="2023-05-07T01:18:02 IST" duration-ms="210" status="PASS">
          <reporter-output>
          </reporter-output>
        </test-method> <!-- tearDown -->
        <test-method is-config="true" signature="setup(java.lang.String)[pri:0, instance:com.myStore.testCases.IndexPageTest@397fbdb]" started-at="2023-05-07T01:18:02 IST" name="setup" finished-at="2023-05-07T01:18:08 IST" duration-ms="6360" status="PASS">
          <params>
            <param index="0">
              <value>
                <![CDATA[Chrome]]>
              </value>
            </param>
          </params>
          <reporter-output>
          </reporter-output>
        </test-method> <!-- setup -->
        <test-method signature="verifyTitle()[pri:0, instance:com.myStore.testCases.IndexPageTest@397fbdb]" started-at="2023-05-07T01:18:08 IST" name="verifyTitle" finished-at="2023-05-07T01:18:08 IST" duration-ms="9" status="PASS">
          <reporter-output>
          </reporter-output>
        </test-method> <!-- verifyTitle -->
        <test-method is-config="true" signature="tearDown()[pri:0, instance:com.myStore.testCases.IndexPageTest@397fbdb]" started-at="2023-05-07T01:18:08 IST" name="tearDown" finished-at="2023-05-07T01:18:08 IST" duration-ms="198" status="PASS">
          <reporter-output>
          </reporter-output>
        </test-method> <!-- tearDown -->
      </class> <!-- com.myStore.testCases.IndexPageTest -->
      <class name="com.myStore.testCases.HomePageTest">
        <test-method is-config="true" signature="setup(java.lang.String)[pri:0, instance:com.myStore.testCases.HomePageTest@1bb5a082]" started-at="2023-05-07T01:17:37 IST" name="setup" finished-at="2023-05-07T01:17:42 IST" duration-ms="5210" status="PASS">
          <params>
            <param index="0">
              <value>
                <![CDATA[Chrome]]>
              </value>
            </param>
          </params>
          <reporter-output>
          </reporter-output>
        </test-method> <!-- setup -->
        <test-method signature="validateOrderHistoryTest()[pri:0, instance:com.myStore.testCases.HomePageTest@1bb5a082]" started-at="2023-05-07T01:17:42 IST" name="validateOrderHistoryTest" finished-at="2023-05-07T01:17:45 IST" duration-ms="2774" status="PASS">
          <reporter-output>
          </reporter-output>
        </test-method> <!-- validateOrderHistoryTest -->
        <test-method is-config="true" signature="tearDown()[pri:0, instance:com.myStore.testCases.HomePageTest@1bb5a082]" started-at="2023-05-07T01:17:45 IST" name="tearDown" finished-at="2023-05-07T01:17:45 IST" duration-ms="170" status="PASS">
          <reporter-output>
          </reporter-output>
        </test-method> <!-- tearDown -->
      </class> <!-- com.myStore.testCases.HomePageTest -->
      <class name="com.myStore.testCases.OrderPageTest">
        <test-method is-config="true" signature="setup(java.lang.String)[pri:0, instance:com.myStore.testCases.OrderPageTest@65fb9ffc]" started-at="2023-05-07T01:16:52 IST" name="setup" finished-at="2023-05-07T01:16:57 IST" duration-ms="5815" status="PASS">
          <params>
            <param index="0">
              <value>
                <![CDATA[Chrome]]>
              </value>
            </param>
          </params>
          <reporter-output>
          </reporter-output>
        </test-method> <!-- setup -->
        <test-method signature="verifyTotalPriceTest()[pri:0, instance:com.myStore.testCases.OrderPageTest@65fb9ffc]" started-at="2023-05-07T01:16:57 IST" name="verifyTotalPriceTest" finished-at="2023-05-07T01:17:05 IST" duration-ms="7803" status="PASS">
          <reporter-output>
          </reporter-output>
        </test-method> <!-- verifyTotalPriceTest -->
        <test-method is-config="true" signature="tearDown()[pri:0, instance:com.myStore.testCases.OrderPageTest@65fb9ffc]" started-at="2023-05-07T01:17:05 IST" name="tearDown" finished-at="2023-05-07T01:17:05 IST" duration-ms="269" status="PASS">
          <reporter-output>
          </reporter-output>
        </test-method> <!-- tearDown -->
      </class> <!-- com.myStore.testCases.OrderPageTest -->
      <class name="com.myStore.testCases.SearchResultPageTest">
        <test-method is-config="true" signature="beforeSuite()[pri:0, instance:com.myStore.testCases.SearchResultPageTest@4218d6a3]" started-at="2023-05-07T01:16:33 IST" name="beforeSuite" finished-at="2023-05-07T01:16:34 IST" duration-ms="547" status="PASS">
          <reporter-output>
          </reporter-output>
        </test-method> <!-- beforeSuite -->
        <test-method is-config="true" signature="loadConfig()[pri:0, instance:com.myStore.testCases.SearchResultPageTest@4218d6a3]" started-at="2023-05-07T01:16:34 IST" name="loadConfig" finished-at="2023-05-07T01:16:34 IST" duration-ms="1" status="PASS">
          <reporter-output>
          </reporter-output>
        </test-method> <!-- loadConfig -->
        <test-method is-config="true" signature="setup(java.lang.String)[pri:0, instance:com.myStore.testCases.SearchResultPageTest@4218d6a3]" started-at="2023-05-07T01:16:34 IST" name="setup" finished-at="2023-05-07T01:16:41 IST" duration-ms="7071" status="PASS">
          <params>
            <param index="0">
              <value>
                <![CDATA[Chrome]]>
              </value>
            </param>
          </params>
          <reporter-output>
          </reporter-output>
        </test-method> <!-- setup -->
        <test-method signature="productAvailabilityTest()[pri:0, instance:com.myStore.testCases.SearchResultPageTest@4218d6a3]" started-at="2023-05-07T01:16:41 IST" name="productAvailabilityTest" finished-at="2023-05-07T01:16:43 IST" duration-ms="1898" status="PASS">
          <reporter-output>
          </reporter-output>
        </test-method> <!-- productAvailabilityTest -->
        <test-method is-config="true" signature="tearDown()[pri:0, instance:com.myStore.testCases.SearchResultPageTest@4218d6a3]" started-at="2023-05-07T01:16:43 IST" name="tearDown" finished-at="2023-05-07T01:16:43 IST" duration-ms="197" status="PASS">
          <reporter-output>
          </reporter-output>
        </test-method> <!-- tearDown -->
        <test-method is-config="true" signature="afterSuite()[pri:0, instance:com.myStore.testCases.SearchResultPageTest@4218d6a3]" started-at="2023-05-07T01:18:28 IST" name="afterSuite" finished-at="2023-05-07T01:18:28 IST" duration-ms="553" status="PASS">
          <reporter-output>
          </reporter-output>
        </test-method> <!-- afterSuite -->
      </class> <!-- com.myStore.testCases.SearchResultPageTest -->
      <class name="com.myStore.testCases.AccountCreationPageTest">
        <test-method is-config="true" signature="setup(java.lang.String)[pri:0, instance:com.myStore.testCases.AccountCreationPageTest@59474f18]" started-at="2023-05-07T01:16:43 IST" name="setup" finished-at="2023-05-07T01:16:49 IST" duration-ms="6191" status="PASS">
          <params>
            <param index="0">
              <value>
                <![CDATA[Chrome]]>
              </value>
            </param>
          </params>
          <reporter-output>
          </reporter-output>
        </test-method> <!-- setup -->
        <test-method signature="verifyCreateAccountPageTest()[pri:0, instance:com.myStore.testCases.AccountCreationPageTest@59474f18]" started-at="2023-05-07T01:16:49 IST" name="verifyCreateAccountPageTest" finished-at="2023-05-07T01:16:51 IST" duration-ms="1728" status="FAIL">
          <exception class="java.lang.AssertionError">
            <message>
              <![CDATA[expected [true] but found [false]]]>
            </message>
            <full-stacktrace>
              <![CDATA[java.lang.AssertionError: expected [true] but found [false]
at org.testng.Assert.fail(Assert.java:99)
at org.testng.Assert.failNotEquals(Assert.java:1037)
at org.testng.Assert.assertTrue(Assert.java:45)
at org.testng.Assert.assertTrue(Assert.java:55)
at com.myStore.testCases.AccountCreationPageTest.verifyCreateAccountPageTest(AccountCreationPageTest.java:40)
at java.base/jdk.internal.reflect.NativeMethodAccessorImpl.invoke0(Native Method)
at java.base/jdk.internal.reflect.NativeMethodAccessorImpl.invoke(NativeMethodAccessorImpl.java:77)
at java.base/jdk.internal.reflect.DelegatingMethodAccessorImpl.invoke(DelegatingMethodAccessorImpl.java:43)
at java.base/java.lang.reflect.Method.invoke(Method.java:568)
at org.testng.internal.MethodInvocationHelper.invokeMethod(MethodInvocationHelper.java:133)
at org.testng.internal.TestInvoker.invokeMethod(TestInvoker.java:598)
at org.testng.internal.TestInvoker.invokeTestMethod(TestInvoker.java:173)
at org.testng.internal.MethodRunner.runInSequence(MethodRunner.java:46)
at org.testng.internal.TestInvoker$MethodInvocationAgent.invoke(TestInvoker.java:824)
at org.testng.internal.TestInvoker.invokeTestMethods(TestInvoker.java:146)
at org.testng.internal.TestMethodWorker.invokeTestMethods(TestMethodWorker.java:146)
at org.testng.internal.TestMethodWorker.run(TestMethodWorker.java:128)
at java.base/java.util.ArrayList.forEach(ArrayList.java:1511)
at org.testng.TestRunner.privateRun(TestRunner.java:794)
at org.testng.TestRunner.run(TestRunner.java:596)
at org.testng.SuiteRunner.runTest(SuiteRunner.java:377)
at org.testng.SuiteRunner.runSequentially(SuiteRunner.java:371)
at org.testng.SuiteRunner.privateRun(SuiteRunner.java:332)
at org.testng.SuiteRunner.run(SuiteRunner.java:276)
at org.testng.SuiteRunnerWorker.runSuite(SuiteRunnerWorker.java:53)
at org.testng.SuiteRunnerWorker.run(SuiteRunnerWorker.java:96)
at org.testng.TestNG.runSuitesSequentially(TestNG.java:1212)
at org.testng.TestNG.runSuitesLocally(TestNG.java:1134)
at org.testng.TestNG.runSuites(TestNG.java:1063)
at org.testng.TestNG.run(TestNG.java:1031)
at org.testng.remote.AbstractRemoteTestNG.run(AbstractRemoteTestNG.java:115)
at org.testng.remote.RemoteTestNG.initAndRun(RemoteTestNG.java:251)
at org.testng.remote.RemoteTestNG.main(RemoteTestNG.java:77)
]]>
            </full-stacktrace>
          </exception> <!-- java.lang.AssertionError -->
          <reporter-output>
          </reporter-output>
        </test-method> <!-- verifyCreateAccountPageTest -->
        <test-method is-config="true" signature="tearDown()[pri:0, instance:com.myStore.testCases.AccountCreationPageTest@59474f18]" started-at="2023-05-07T01:16:51 IST" name="tearDown" finished-at="2023-05-07T01:16:52 IST" duration-ms="120" status="PASS">
          <reporter-output>
          </reporter-output>
        </test-method> <!-- tearDown -->
      </class> <!-- com.myStore.testCases.AccountCreationPageTest -->
      <class name="com.myStore.testCases.EndToEndTest">
        <test-method is-config="true" signature="setup(java.lang.String)[pri:0, instance:com.myStore.testCases.EndToEndTest@3e694b3f]" started-at="2023-05-07T01:17:05 IST" name="setup" finished-at="2023-05-07T01:17:12 IST" duration-ms="6450" status="PASS">
          <params>
            <param index="0">
              <value>
                <![CDATA[Chrome]]>
              </value>
            </param>
          </params>
          <reporter-output>
          </reporter-output>
        </test-method> <!-- setup -->
        <test-method signature="endToEndTest()[pri:0, instance:com.myStore.testCases.EndToEndTest@3e694b3f]" started-at="2023-05-07T01:17:12 IST" name="endToEndTest" finished-at="2023-05-07T01:17:37 IST" duration-ms="25022" status="PASS">
          <reporter-output>
          </reporter-output>
        </test-method> <!-- endToEndTest -->
        <test-method is-config="true" signature="tearDown()[pri:0, instance:com.myStore.testCases.EndToEndTest@3e694b3f]" started-at="2023-05-07T01:17:37 IST" name="tearDown" finished-at="2023-05-07T01:17:37 IST" duration-ms="228" status="PASS">
          <reporter-output>
          </reporter-output>
        </test-method> <!-- tearDown -->
      </class> <!-- com.myStore.testCases.EndToEndTest -->
      <class name="com.myStore.testCases.AddToCartPageTest">
        <test-method is-config="true" signature="setup(java.lang.String)[pri:0, instance:com.myStore.testCases.AddToCartPageTest@78691363]" started-at="2023-05-07T01:17:45 IST" name="setup" finished-at="2023-05-07T01:17:50 IST" duration-ms="5002" status="PASS">
          <params>
            <param index="0">
              <value>
                <![CDATA[Chrome]]>
              </value>
            </param>
          </params>
          <reporter-output>
          </reporter-output>
        </test-method> <!-- setup -->
        <test-method signature="addToCartTest()[pri:0, instance:com.myStore.testCases.AddToCartPageTest@78691363]" started-at="2023-05-07T01:17:50 IST" name="addToCartTest" finished-at="2023-05-07T01:17:56 IST" duration-ms="5955" status="PASS">
          <reporter-output>
          </reporter-output>
        </test-method> <!-- addToCartTest -->
        <test-method is-config="true" signature="tearDown()[pri:0, instance:com.myStore.testCases.AddToCartPageTest@78691363]" started-at="2023-05-07T01:17:56 IST" name="tearDown" finished-at="2023-05-07T01:17:57 IST" duration-ms="269" status="PASS">
          <reporter-output>
          </reporter-output>
        </test-method> <!-- tearDown -->
      </class> <!-- com.myStore.testCases.AddToCartPageTest -->
      <class name="com.myStore.testCases.LoginpageTest">
        <test-method is-config="true" signature="setup(java.lang.String)[pri:0, instance:com.myStore.testCases.LoginpageTest@33d512c1]" started-at="2023-05-07T01:18:09 IST" name="setup" finished-at="2023-05-07T01:18:16 IST" duration-ms="6434" status="PASS">
          <params>
            <param index="0">
              <value>
                <![CDATA[Chrome]]>
              </value>
            </param>
          </params>
          <reporter-output>
          </reporter-output>
        </test-method> <!-- setup -->
        <test-method signature="loginTest(java.lang.String,java.lang.String)[pri:0, instance:com.myStore.testCases.LoginpageTest@33d512c1]" started-at="2023-05-07T01:18:16 IST" name="loginTest" data-provider="credentials" finished-at="2023-05-07T01:18:19 IST" duration-ms="3495" status="PASS">
          <params>
            <param index="0">
              <value>
                <![CDATA[admin@xyz.com]]>
              </value>
            </param>
            <param index="1">
              <value>
                <![CDATA[admin@123]]>
              </value>
            </param>
          </params>
          <reporter-output>
          </reporter-output>
        </test-method> <!-- loginTest -->
        <test-method is-config="true" signature="tearDown()[pri:0, instance:com.myStore.testCases.LoginpageTest@33d512c1]" started-at="2023-05-07T01:18:19 IST" name="tearDown" finished-at="2023-05-07T01:18:19 IST" duration-ms="211" status="PASS">
          <reporter-output>
          </reporter-output>
        </test-method> <!-- tearDown -->
        <test-method is-config="true" signature="setup(java.lang.String)[pri:0, instance:com.myStore.testCases.LoginpageTest@33d512c1]" started-at="2023-05-07T01:18:19 IST" name="setup" finished-at="2023-05-07T01:18:25 IST" duration-ms="5588" status="PASS">
          <params>
            <param index="0">
              <value>
                <![CDATA[Chrome]]>
              </value>
            </param>
          </params>
          <reporter-output>
          </reporter-output>
        </test-method> <!-- setup -->
        <test-method signature="loginTest(java.lang.String,java.lang.String)[pri:0, instance:com.myStore.testCases.LoginpageTest@33d512c1]" started-at="2023-05-07T01:18:25 IST" name="loginTest" data-provider="credentials" finished-at="2023-05-07T01:18:28 IST" duration-ms="2749" status="PASS">
          <params>
            <param index="0">
              <value>
                <![CDATA[admin123@gmail.com]]>
              </value>
            </param>
            <param index="1">
              <value>
                <![CDATA[Man@123]]>
              </value>
            </param>
          </params>
          <reporter-output>
          </reporter-output>
        </test-method> <!-- loginTest -->
        <test-method is-config="true" signature="tearDown()[pri:0, instance:com.myStore.testCases.LoginpageTest@33d512c1]" started-at="2023-05-07T01:18:28 IST" name="tearDown" finished-at="2023-05-07T01:18:28 IST" duration-ms="224" status="PASS">
          <reporter-output>
          </reporter-output>
        </test-method> <!-- tearDown -->
      </class> <!-- com.myStore.testCases.LoginpageTest -->
    </test> <!-- Test_All -->
  </suite> <!-- Suite -->
</testng-results>
